28/08/2013 16:37:38 | Debut Mise en ligne complete (Site):
28/08/2013 16:37:42 | Listing terminé :
28/08/2013 16:37:42 | 

28/08/2013 16:37:42 | * Files/Fonts-- -- --Folder create
28/08/2013 16:37:42 | * WEFiles-- -- --Folder create
28/08/2013 16:37:42 | * WEFiles/Xml-- -- --Folder create
28/08/2013 16:37:42 | * WEFiles/Server-- -- --Folder create
28/08/2013 16:37:42 | * WEFiles/Server/language-- -- --Folder create
28/08/2013 16:37:42 | * WEFiles/Server/DB-- -- --Folder create
28/08/2013 16:37:42 | * WEFiles/Server/DB/DBTools-- -- --Folder create
28/08/2013 16:37:42 | * WEFiles/Server/DB/dbadmin-- -- --Folder create
28/08/2013 16:37:42 | * WEFiles/Server/class-- -- --Folder create
28/08/2013 16:37:42 | * WEFiles/Image-- -- --Folder create
28/08/2013 16:37:42 | * WEFiles/Image/Skin-- -- --Folder create
28/08/2013 16:37:42 | * WEFiles/Font-- -- --Folder create
28/08/2013 16:37:42 | * WEFiles/Css-- -- --Folder create
28/08/2013 16:37:42 | * WEFiles/Client-- -- --Folder create
28/08/2013 16:37:42 | * WEFiles/Client/jQuery-- -- --Folder create
28/08/2013 16:37:42 | * WEFiles/Client/Common-- -- --Folder create
28/08/2013 16:37:42 | * Templates-- -- --Folder create
28/08/2013 16:37:42 | * Files-- -- --Folder create
28/08/2013 16:37:42 | * Files/Video-- -- --Folder create
28/08/2013 16:37:42 | * Files/Other-- -- --Folder create
28/08/2013 16:37:42 | * Files/Media-- -- --Folder create
28/08/2013 16:37:42 | * Files/Image-- -- --Folder create
28/08/2013 16:37:42 | * Files/Fonts-- -- --Folder create
28/08/2013 16:37:42 | * Files/Flash-- -- --Folder create
28/08/2013 16:37:42 | * Files/Audio-- -- --Folder create
28/08/2013 16:37:42 | * Data-- -- --Folder create
28/08/2013 16:37:42 | * Backup-- -- --Folder create
28/08/2013 16:37:42 | * Common-- -- --Folder create
28/08/2013 16:37:42 | * WEFiles/Image/WEImage-- -- --Folder create
28/08/2013 16:37:42 | * Files/Image/contact-- -- --Folder create
28/08/2013 16:37:42 | * Files/Image/calque-- -- --Folder create
28/08/2013 16:37:42 | * Files/Image/accueil-- -- --Folder create
28/08/2013 16:37:42 | * Files\Other-- -- --Folder create
28/08/2013 16:37:42 | * Files\Fonts-- -- --Folder create
28/08/2013 16:37:42 | * Backup/.htaccess-- -- --33
28/08/2013 16:37:42 | * WEFiles/Client/Common/oe.min.js-- -- --108891
28/08/2013 16:37:42 | * WEFiles/Client/jQuery/jquery.easing.1.3.js-- -- --3233
28/08/2013 16:37:42 | * WEFiles/Client/jQuery/jquery.form.js-- -- --11659
28/08/2013 16:37:42 | * WEFiles/Client/jQuery/jquery.simplemodal.js-- -- --8558
28/08/2013 16:37:42 | * WEFiles/Client/jQuery/jquery.ui.accordion.js-- -- --8874
28/08/2013 16:37:42 | * WEFiles/Client/jQuery/jquery.ui.core.js-- -- --13484
28/08/2013 16:37:42 | * WEFiles/Client/jQuery/jquery.ui.mouse.js-- -- --2876
28/08/2013 16:37:42 | * WEFiles/Client/jQuery/jquery.ui.slider.js-- -- --9940
28/08/2013 16:37:42 | * WEFiles/Client/jQuery/jquery.ui.widget.js-- -- --3234
28/08/2013 16:37:42 | * WEFiles/Client/OEDB.js-- -- --1856
28/08/2013 16:37:42 | * WEFiles/Client/OEDBClasses.js-- -- --2280
28/08/2013 16:37:42 | * WEFiles/Client/openElementUI.js-- -- --1359
28/08/2013 16:37:42 | * WEFiles/Css/openElement.css-- -- --3343
28/08/2013 16:37:42 | * WEFiles/Image/Code.png-- -- --831
28/08/2013 16:37:42 | * WEFiles/Image/delete.png-- -- --1465
28/08/2013 16:37:42 | * WEFiles/Image/empty.png-- -- --184
28/08/2013 16:37:42 | * WEFiles/Image/information2.png-- -- --3246
28/08/2013 16:37:42 | * WEFiles/Image/loading.gif-- -- --1924
28/08/2013 16:37:42 | * WEFiles/Image/mask.png-- -- --213
28/08/2013 16:37:42 | * WEFiles/Image/ModalBackgound.png-- -- --27145
28/08/2013 16:37:42 | * WEFiles/Image/ModalPopupBlock.png-- -- --268
28/08/2013 16:37:42 | * WEFiles/Image/ServerError.png-- -- --2602
28/08/2013 16:37:42 | * WEFiles/Image/WEW3C.png-- -- --1882
28/08/2013 16:37:42 | * WEFiles/Server/class/class-phpmailer.php-- -- --62588
28/08/2013 16:37:42 | * WEFiles/Server/class/class-smtp.php-- -- --32442
28/08/2013 16:37:42 | * WEFiles/Server/class/JSON.php-- -- --34073
28/08/2013 16:37:42 | * WEFiles/Server/DB/dbadmin/phpliteadmin.config.php-- -- --2775
28/08/2013 16:37:42 | * WEFiles/Server/DB/dbadmin/phpliteadmin.php-- -- --211157
28/08/2013 16:37:42 | * WEFiles/Server/DB/DBTools/OEDataContainers.php-- -- --47779
28/08/2013 16:37:42 | * WEFiles/Server/DB/DBTools/OEDBRequest.php-- -- --18633
28/08/2013 16:37:42 | * WEFiles/Server/DB/DBTools/OEDynUtils.php-- -- --13333
28/08/2013 16:37:42 | * WEFiles/Server/DB/.htaccess-- -- --13
28/08/2013 16:37:42 | * WEFiles/Server/DB/OEDB.php-- -- --25548
28/08/2013 16:37:42 | * WEFiles/Server/DB/OEDBClasses.php-- -- --67404
28/08/2013 16:37:42 | * WEFiles/Server/DB/sqllogin.php-- -- --1168
28/08/2013 16:37:42 | * WEFiles/Server/language/phpmailer.lang-en.php-- -- --1188
28/08/2013 16:37:42 | * WEFiles/Server/language/phpmailer.lang-fr.php-- -- --1298
28/08/2013 16:37:42 | * WEFiles/Server/openElement.php-- -- --16771
28/08/2013 16:37:42 | * WEFiles/Server/VarText.php-- -- --4306
28/08/2013 16:37:42 | * Files/Fonts/AgencyFB.eot-- -- --53852
28/08/2013 16:37:42 | * Files/Fonts/AgencyFB.ttf-- -- --53660
28/08/2013 16:37:42 | * Files/Fonts/AgencyFB.woff-- -- --24076
28/08/2013 16:37:42 | * Files/Fonts/Fonts.css-- -- --350
28/08/2013 16:37:42 | * .htaccess-- -- --0
28/08/2013 16:37:42 | * contact(var).js-- -- --748
28/08/2013 16:37:42 | * contact(var).php-- -- --1519
28/08/2013 16:37:42 | * contact.css-- -- --6824
28/08/2013 16:37:42 | * WEFiles/Image/WEImage/2bbbc141DEFAULT.png-- -- --439
28/08/2013 16:37:42 | * WEFiles/Image/WEImage/06b7725aDEFAULT.png-- -- --50524
28/08/2013 16:37:42 | * Files/Image/contact/arrow.png-- -- --1655
28/08/2013 16:37:42 | * WEFiles/Image/Skin/ea0bf4cd.png-- -- --1571
28/08/2013 16:37:42 | * WEFiles/Image/Skin/74ea4119.png-- -- --283
28/08/2013 16:37:42 | * WEFiles/Image/Skin/9095a623.png-- -- --173
28/08/2013 16:37:42 | * WEFiles/Image/Skin/c0f5471c.png-- -- --255
28/08/2013 16:37:42 | * WEFiles/Image/Skin/157ab316.png-- -- --150
28/08/2013 16:37:42 | * WEFiles/Image/Skin/dd40a1da.png-- -- --138
28/08/2013 16:37:42 | * WEFiles/Image/Skin/8f393cc6.png-- -- --143
28/08/2013 16:37:42 | * WEFiles/Image/Skin/1c0b60f8.png-- -- --267
28/08/2013 16:37:42 | * WEFiles/Image/Skin/0fe5dc4b.png-- -- --169
28/08/2013 16:37:42 | * WEFiles/Image/Skin/b7809df9.png-- -- --256
28/08/2013 16:37:42 | * WEFiles/Image/Skin/26c70838.png-- -- --191
28/08/2013 16:37:42 | * WEFiles/Image/Skin/58294202.png-- -- --826
28/08/2013 16:37:42 | * WEFiles/Image/Skin/3eb0b2eb.png-- -- --270
28/08/2013 16:37:42 | * WEFiles/Image/Skin/71664f57.png-- -- --179
28/08/2013 16:37:42 | * WEFiles/Image/Skin/b68c55cb.png-- -- --276
28/08/2013 16:37:42 | * WEFiles/Image/Skin/7ee3bf29.png-- -- --145
28/08/2013 16:37:42 | * WEFiles/Image/Skin/eaa298b1.png-- -- --151
28/08/2013 16:37:42 | * WEFiles/Image/Skin/1c80b086.png-- -- --164
28/08/2013 16:37:42 | * WEFiles/Image/Skin/0748cd9f.png-- -- --259
28/08/2013 16:37:42 | * WEFiles/Image/Skin/2fe4d3c3.png-- -- --176
28/08/2013 16:37:42 | * WEFiles/Image/Skin/a8c8fdb8.png-- -- --264
28/08/2013 16:37:42 | * WEFiles/Image/Skin/cbb1ae94.png-- -- --191
28/08/2013 16:37:42 | * WEFiles/Image/Skin/966687aa.png-- -- --826
28/08/2013 16:37:42 | * WEFiles/Image/Skin/ab0cc602.png-- -- --1718
28/08/2013 16:37:42 | * WEFiles/Server/WESendMail_v1-35-5.php-- -- --9586
28/08/2013 16:37:42 | * WEFiles/Client/WESendMail_v1-35-5.js-- -- --3927
28/08/2013 16:37:42 | * WEFiles/Image/Skin/63b455cc.jpg-- -- --20393
28/08/2013 16:37:42 | * WEFiles/Image/Skin/05975cd7.jpg-- -- --20393
28/08/2013 16:37:42 | * WEFiles/Image/WEImage/6840721cDEFAULT.png-- -- --878
28/08/2013 16:37:42 | * Files/Image/calque/googleplus.png-- -- --928
28/08/2013 16:37:42 | * WEFiles/Image/WEImage/1f2e96a7DEFAULT.png-- -- --825
28/08/2013 16:37:42 | * Files/Image/calque/skype.png-- -- --952
28/08/2013 16:37:42 | * Files/Image/calque/logo.png-- -- --3598
28/08/2013 16:37:42 | * WEFiles/Image/Skin/696a5d41.png-- -- --1034
28/08/2013 16:37:42 | * WEFiles/Image/Skin/a260e571.png-- -- --616
28/08/2013 16:37:42 | * WEFiles/Image/Skin/2095ea63.png-- -- --247
28/08/2013 16:37:42 | * WEFiles/Image/Skin/f2ab1d12.png-- -- --517
28/08/2013 16:37:42 | * WEFiles/Image/Skin/7607d524.png-- -- --185
28/08/2013 16:37:42 | * WEFiles/Image/Skin/29af7378.png-- -- --159
28/08/2013 16:37:42 | * WEFiles/Image/Skin/f1315542.png-- -- --251
28/08/2013 16:37:42 | * WEFiles/Image/Skin/f94d8e7a.png-- -- --384
28/08/2013 16:37:42 | * WEFiles/Image/Skin/7cbeb66f.png-- -- --297
28/08/2013 16:37:42 | * WEFiles/Image/Skin/5981e2fc.png-- -- --689
28/08/2013 16:37:42 | * Files/Image/calque/loupe.png-- -- --4529
28/08/2013 16:37:42 | * WEFiles/Image/Skin/a5846745.png-- -- --260
28/08/2013 16:37:42 | * WEFiles/Image/Skin/e5872b2e.png-- -- --148
28/08/2013 16:37:42 | * WEFiles/Image/Skin/da965a80.png-- -- --239
28/08/2013 16:37:42 | * WEFiles/Image/Skin/d5122cc1.png-- -- --144
28/08/2013 16:37:42 | * WEFiles/Image/Skin/37e07488.png-- -- --133
28/08/2013 16:37:42 | * WEFiles/Image/Skin/b7dc0dfc.png-- -- --133
28/08/2013 16:37:42 | * WEFiles/Image/Skin/4d3da48a.png-- -- --247
28/08/2013 16:37:42 | * WEFiles/Image/Skin/344d10e9.png-- -- --133
28/08/2013 16:37:42 | * WEFiles/Image/Skin/fea40cb4.png-- -- --193
28/08/2013 16:37:42 | * WEFiles/Image/WEImage/8bd0723bDEFAULT.png-- -- --189845
28/08/2013 16:37:42 | * Files/Image/calque/faux-texte.png-- -- --8032
28/08/2013 16:37:42 | * WEFiles/Image/WEImage/6c59043aDEFAULT.png-- -- --579
28/08/2013 16:37:42 | * Files/Image/calque/img01.png-- -- --24659
28/08/2013 16:37:42 | * Files/Image/calque/img02.png-- -- --36274
28/08/2013 16:37:42 | * Files/Image/calque/ombre.png-- -- --1136
28/08/2013 16:37:42 | * Files/Image/calque/icone-home.png-- -- --1183
28/08/2013 16:37:42 | * Files/Image/calque/barre-vertical.png-- -- --1372
28/08/2013 16:37:42 | * Files/Image/calque/plusl.png-- -- --1739
28/08/2013 16:37:42 | * Files/Image/calque/key.png-- -- --1322
28/08/2013 16:37:42 | * WEFiles/Image/WEImage/635dad7cDEFAULT.png-- -- --800
28/08/2013 16:37:42 | * Files/Image/calque/cadre-blanc.png-- -- --1464
28/08/2013 16:37:42 | * Files/Image/calque/img03.png-- -- --16231
28/08/2013 16:37:42 | * Files/Image/calque/tel.png-- -- --1568
28/08/2013 16:37:42 | * WEFiles/Image/Skin/16c06f7b.png-- -- --1206
28/08/2013 16:37:42 | * WEFiles/Image/Skin/ff40637d.png-- -- --1194
28/08/2013 16:37:42 | * WEFiles/Image/Skin/7ed7012f.png-- -- --1097
28/08/2013 16:37:42 | * Files/Image/calque/arrow-footer.png-- -- --2437
28/08/2013 16:37:42 | * Files/Image/calque/logo-footer.png-- -- --2066
28/08/2013 16:37:42 | * contact.htm-- -- --31052
28/08/2013 16:37:42 | * example.css-- -- --3338
28/08/2013 16:37:42 | * WEFiles/Image/WEImage/a5084d81DEFAULT.png-- -- --388
28/08/2013 16:37:42 | * WEFiles/Image/WEImage/313575fcDEFAULT.png-- -- --650
28/08/2013 16:37:42 | * WEFiles/Image/WEImage/fd2ba4caDEFAULT.png-- -- --576
28/08/2013 16:37:42 | * WEFiles/Image/WEImage/1011f1feDEFAULT.png-- -- --104334
28/08/2013 16:37:42 | * WEFiles/Image/WEImage/1ec0a129DEFAULT.png-- -- --75475
28/08/2013 16:37:42 | * Files/Image/accueil/calendar.png-- -- --2926
28/08/2013 16:37:42 | * WEFiles/Image/WEImage/6f5b3b85DEFAULT.png-- -- --875
28/08/2013 16:37:42 | * WEFiles/Image/Skin/40d92bed.png-- -- --1134
28/08/2013 16:37:42 | * WEFiles/Image/Skin/3ee4ec86.png-- -- --1129
28/08/2013 16:37:42 | * example.htm-- -- --31268
28/08/2013 16:37:42 | * index.css-- -- --2907
28/08/2013 16:37:42 | * WEFiles/Image/WEImage/407af965DEFAULT.png-- -- --658
28/08/2013 16:37:42 | * WEFiles/Image/WEImage/58e5c031DEFAULT.png-- -- --240958
28/08/2013 16:37:42 | * WEFiles/Image/WEImage/ad6380eaDEFAULT.png-- -- --370
28/08/2013 16:37:42 | * Files/Image/accueil/cadre-transpa.png-- -- --2167
28/08/2013 16:37:42 | * WEFiles/Image/WEImage/8b1e6de8DEFAULT.png-- -- --498
28/08/2013 16:37:42 | * Files/Image/accueil/img-ico2.png-- -- --545
28/08/2013 16:37:42 | * Files/Image/accueil/img-ico.png-- -- --1440
28/08/2013 16:37:42 | * Files/Image/accueil/img-example2.png-- -- --45423
28/08/2013 16:37:42 | * WEFiles/Image/Skin/d0b01939.png-- -- --1027
28/08/2013 16:37:42 | * index.htm-- -- --31144
28/08/2013 16:37:42 | * Files/Fonts/AgencyFB.eot-- -- --53852
28/08/2013 16:37:42 | * Files/Fonts/AgencyFB.ttf-- -- --53660
28/08/2013 16:37:42 | * Files/Fonts/AgencyFB.woff-- -- --24076
28/08/2013 16:37:42 | * Files/Fonts/Fonts.css-- -- --350
28/08/2013 16:37:42 | * Templates/BaseCalque.css-- -- --11152
28/08/2013 16:37:47 | 
28/08/2013 16:37:47 | 
--------------------------------Phase 1 Terminé--------------------------------
28/08/2013 16:37:47 | 

28/08/2013 16:42:47 | Debut Mise en ligne complete (Site):
28/08/2013 16:42:48 | Listing terminé :
28/08/2013 16:42:48 | 

28/08/2013 16:42:48 | * Files/Fonts-- -- --Folder create
28/08/2013 16:42:48 | * WEFiles-- -- --Folder create
28/08/2013 16:42:48 | * WEFiles/Xml-- -- --Folder create
28/08/2013 16:42:48 | * WEFiles/Server-- -- --Folder create
28/08/2013 16:42:48 | * WEFiles/Server/language-- -- --Folder create
28/08/2013 16:42:48 | * WEFiles/Server/DB-- -- --Folder create
28/08/2013 16:42:48 | * WEFiles/Server/DB/DBTools-- -- --Folder create
28/08/2013 16:42:48 | * WEFiles/Server/DB/dbadmin-- -- --Folder create
28/08/2013 16:42:48 | * WEFiles/Server/class-- -- --Folder create
28/08/2013 16:42:48 | * WEFiles/Image-- -- --Folder create
28/08/2013 16:42:48 | * WEFiles/Image/Skin-- -- --Folder create
28/08/2013 16:42:48 | * WEFiles/Font-- -- --Folder create
28/08/2013 16:42:48 | * WEFiles/Css-- -- --Folder create
28/08/2013 16:42:48 | * WEFiles/Client-- -- --Folder create
28/08/2013 16:42:48 | * WEFiles/Client/jQuery-- -- --Folder create
28/08/2013 16:42:48 | * WEFiles/Client/Common-- -- --Folder create
28/08/2013 16:42:48 | * Templates-- -- --Folder create
28/08/2013 16:42:48 | * Files-- -- --Folder create
28/08/2013 16:42:48 | * Files/Video-- -- --Folder create
28/08/2013 16:42:48 | * Files/Other-- -- --Folder create
28/08/2013 16:42:48 | * Files/Media-- -- --Folder create
28/08/2013 16:42:48 | * Files/Image-- -- --Folder create
28/08/2013 16:42:48 | * Files/Fonts-- -- --Folder create
28/08/2013 16:42:48 | * Files/Flash-- -- --Folder create
28/08/2013 16:42:48 | * Files/Audio-- -- --Folder create
28/08/2013 16:42:48 | * Data-- -- --Folder create
28/08/2013 16:42:48 | * Backup-- -- --Folder create
28/08/2013 16:42:48 | * Common-- -- --Folder create
28/08/2013 16:42:48 | * WEFiles/Image/WEImage-- -- --Folder create
28/08/2013 16:42:48 | * Files/Image/contact-- -- --Folder create
28/08/2013 16:42:48 | * Files/Image/calque-- -- --Folder create
28/08/2013 16:42:48 | * Files/Image/accueil-- -- --Folder create
28/08/2013 16:42:48 | * Files\Other-- -- --Folder create
28/08/2013 16:42:48 | * Files\Fonts-- -- --Folder create
28/08/2013 16:42:48 | * Backup/.htaccess-- -- --33
28/08/2013 16:42:48 | * WEFiles/Client/Common/oe.min.js-- -- --108891
28/08/2013 16:42:48 | * WEFiles/Client/jQuery/jquery.easing.1.3.js-- -- --3233
28/08/2013 16:42:48 | * WEFiles/Client/jQuery/jquery.form.js-- -- --11659
28/08/2013 16:42:48 | * WEFiles/Client/jQuery/jquery.simplemodal.js-- -- --8558
28/08/2013 16:42:48 | * WEFiles/Client/jQuery/jquery.ui.accordion.js-- -- --8874
28/08/2013 16:42:48 | * WEFiles/Client/jQuery/jquery.ui.core.js-- -- --13484
28/08/2013 16:42:48 | * WEFiles/Client/jQuery/jquery.ui.mouse.js-- -- --2876
28/08/2013 16:42:48 | * WEFiles/Client/jQuery/jquery.ui.slider.js-- -- --9940
28/08/2013 16:42:48 | * WEFiles/Client/jQuery/jquery.ui.widget.js-- -- --3234
28/08/2013 16:42:48 | * WEFiles/Client/OEDB.js-- -- --1856
28/08/2013 16:42:48 | * WEFiles/Client/OEDBClasses.js-- -- --2280
28/08/2013 16:42:48 | * WEFiles/Client/openElementUI.js-- -- --1359
28/08/2013 16:42:48 | * WEFiles/Css/openElement.css-- -- --3343
28/08/2013 16:42:48 | * WEFiles/Image/Code.png-- -- --831
28/08/2013 16:42:48 | * WEFiles/Image/delete.png-- -- --1465
28/08/2013 16:42:48 | * WEFiles/Image/empty.png-- -- --184
28/08/2013 16:42:48 | * WEFiles/Image/information2.png-- -- --3246
28/08/2013 16:42:48 | * WEFiles/Image/loading.gif-- -- --1924
28/08/2013 16:42:48 | * WEFiles/Image/mask.png-- -- --213
28/08/2013 16:42:48 | * WEFiles/Image/ModalBackgound.png-- -- --27145
28/08/2013 16:42:48 | * WEFiles/Image/ModalPopupBlock.png-- -- --268
28/08/2013 16:42:48 | * WEFiles/Image/ServerError.png-- -- --2602
28/08/2013 16:42:48 | * WEFiles/Image/WEW3C.png-- -- --1882
28/08/2013 16:42:48 | * WEFiles/Server/class/class-phpmailer.php-- -- --62588
28/08/2013 16:42:48 | * WEFiles/Server/class/class-smtp.php-- -- --32442
28/08/2013 16:42:48 | * WEFiles/Server/class/JSON.php-- -- --34073
28/08/2013 16:42:48 | * WEFiles/Server/DB/dbadmin/phpliteadmin.config.php-- -- --2775
28/08/2013 16:42:48 | * WEFiles/Server/DB/dbadmin/phpliteadmin.php-- -- --211157
28/08/2013 16:42:48 | * WEFiles/Server/DB/DBTools/OEDataContainers.php-- -- --47779
28/08/2013 16:42:48 | * WEFiles/Server/DB/DBTools/OEDBRequest.php-- -- --18633
28/08/2013 16:42:48 | * WEFiles/Server/DB/DBTools/OEDynUtils.php-- -- --13333
28/08/2013 16:42:48 | * WEFiles/Server/DB/.htaccess-- -- --13
28/08/2013 16:42:48 | * WEFiles/Server/DB/OEDB.php-- -- --25548
28/08/2013 16:42:48 | * WEFiles/Server/DB/OEDBClasses.php-- -- --67404
28/08/2013 16:42:48 | * WEFiles/Server/DB/sqllogin.php-- -- --1168
28/08/2013 16:42:48 | * WEFiles/Server/language/phpmailer.lang-en.php-- -- --1188
28/08/2013 16:42:48 | * WEFiles/Server/language/phpmailer.lang-fr.php-- -- --1298
28/08/2013 16:42:48 | * WEFiles/Server/openElement.php-- -- --16771
28/08/2013 16:42:48 | * WEFiles/Server/VarText.php-- -- --4306
28/08/2013 16:42:48 | * .htaccess-- -- --0
28/08/2013 16:42:48 | * contact(var).js-- -- --748
28/08/2013 16:42:48 | * contact(var).php-- -- --1519
28/08/2013 16:42:48 | * contact.css-- -- --6824
28/08/2013 16:42:48 | * WEFiles/Image/WEImage/2bbbc141DEFAULT.png-- -- --439
28/08/2013 16:42:48 | * WEFiles/Image/WEImage/06b7725aDEFAULT.png-- -- --50524
28/08/2013 16:42:48 | * Files/Image/contact/arrow.png-- -- --1655
28/08/2013 16:42:48 | * WEFiles/Image/Skin/ea0bf4cd.png-- -- --1571
28/08/2013 16:42:48 | * WEFiles/Image/Skin/74ea4119.png-- -- --283
28/08/2013 16:42:48 | * WEFiles/Image/Skin/9095a623.png-- -- --173
28/08/2013 16:42:48 | * WEFiles/Image/Skin/c0f5471c.png-- -- --255
28/08/2013 16:42:48 | * WEFiles/Image/Skin/157ab316.png-- -- --150
28/08/2013 16:42:48 | * WEFiles/Image/Skin/dd40a1da.png-- -- --138
28/08/2013 16:42:48 | * WEFiles/Image/Skin/8f393cc6.png-- -- --143
28/08/2013 16:42:48 | * WEFiles/Image/Skin/1c0b60f8.png-- -- --267
28/08/2013 16:42:48 | * WEFiles/Image/Skin/0fe5dc4b.png-- -- --169
28/08/2013 16:42:48 | * WEFiles/Image/Skin/b7809df9.png-- -- --256
28/08/2013 16:42:48 | * WEFiles/Image/Skin/26c70838.png-- -- --191
28/08/2013 16:42:48 | * WEFiles/Image/Skin/58294202.png-- -- --826
28/08/2013 16:42:48 | * WEFiles/Image/Skin/3eb0b2eb.png-- -- --270
28/08/2013 16:42:48 | * WEFiles/Image/Skin/71664f57.png-- -- --179
28/08/2013 16:42:48 | * WEFiles/Image/Skin/b68c55cb.png-- -- --276
28/08/2013 16:42:48 | * WEFiles/Image/Skin/7ee3bf29.png-- -- --145
28/08/2013 16:42:48 | * WEFiles/Image/Skin/eaa298b1.png-- -- --151
28/08/2013 16:42:48 | * WEFiles/Image/Skin/1c80b086.png-- -- --164
28/08/2013 16:42:48 | * WEFiles/Image/Skin/0748cd9f.png-- -- --259
28/08/2013 16:42:48 | * WEFiles/Image/Skin/2fe4d3c3.png-- -- --176
28/08/2013 16:42:48 | * WEFiles/Image/Skin/a8c8fdb8.png-- -- --264
28/08/2013 16:42:48 | * WEFiles/Image/Skin/cbb1ae94.png-- -- --191
28/08/2013 16:42:48 | * WEFiles/Image/Skin/966687aa.png-- -- --826
28/08/2013 16:42:48 | * WEFiles/Image/Skin/ab0cc602.png-- -- --1718
28/08/2013 16:42:48 | * WEFiles/Server/WESendMail_v1-35-5.php-- -- --9586
28/08/2013 16:42:48 | * WEFiles/Client/WESendMail_v1-35-5.js-- -- --3927
28/08/2013 16:42:48 | * WEFiles/Image/Skin/63b455cc.jpg-- -- --20393
28/08/2013 16:42:48 | * WEFiles/Image/Skin/05975cd7.jpg-- -- --20393
28/08/2013 16:42:48 | * WEFiles/Image/WEImage/6840721cDEFAULT.png-- -- --878
28/08/2013 16:42:48 | * Files/Image/calque/googleplus.png-- -- --928
28/08/2013 16:42:48 | * WEFiles/Image/WEImage/1f2e96a7DEFAULT.png-- -- --825
28/08/2013 16:42:48 | * Files/Image/calque/skype.png-- -- --952
28/08/2013 16:42:48 | * Files/Image/calque/logo.png-- -- --3598
28/08/2013 16:42:48 | * WEFiles/Image/Skin/696a5d41.png-- -- --1034
28/08/2013 16:42:48 | * WEFiles/Image/Skin/a260e571.png-- -- --616
28/08/2013 16:42:48 | * WEFiles/Image/Skin/2095ea63.png-- -- --247
28/08/2013 16:42:48 | * WEFiles/Image/Skin/f2ab1d12.png-- -- --517
28/08/2013 16:42:48 | * WEFiles/Image/Skin/7607d524.png-- -- --185
28/08/2013 16:42:48 | * WEFiles/Image/Skin/29af7378.png-- -- --159
28/08/2013 16:42:48 | * WEFiles/Image/Skin/f1315542.png-- -- --251
28/08/2013 16:42:48 | * WEFiles/Image/Skin/f94d8e7a.png-- -- --384
28/08/2013 16:42:48 | * WEFiles/Image/Skin/7cbeb66f.png-- -- --297
28/08/2013 16:42:48 | * WEFiles/Image/Skin/5981e2fc.png-- -- --689
28/08/2013 16:42:48 | * Files/Image/calque/loupe.png-- -- --4529
28/08/2013 16:42:48 | * WEFiles/Image/Skin/a5846745.png-- -- --260
28/08/2013 16:42:48 | * WEFiles/Image/Skin/e5872b2e.png-- -- --148
28/08/2013 16:42:48 | * WEFiles/Image/Skin/da965a80.png-- -- --239
28/08/2013 16:42:48 | * WEFiles/Image/Skin/d5122cc1.png-- -- --144
28/08/2013 16:42:48 | * WEFiles/Image/Skin/37e07488.png-- -- --133
28/08/2013 16:42:48 | * WEFiles/Image/Skin/b7dc0dfc.png-- -- --133
28/08/2013 16:42:48 | * WEFiles/Image/Skin/4d3da48a.png-- -- --247
28/08/2013 16:42:48 | * WEFiles/Image/Skin/344d10e9.png-- -- --133
28/08/2013 16:42:48 | * WEFiles/Image/Skin/fea40cb4.png-- -- --193
28/08/2013 16:42:48 | * WEFiles/Image/WEImage/8bd0723bDEFAULT.png-- -- --189845
28/08/2013 16:42:48 | * Files/Image/calque/faux-texte.png-- -- --8032
28/08/2013 16:42:48 | * WEFiles/Image/WEImage/6c59043aDEFAULT.png-- -- --579
28/08/2013 16:42:48 | * Files/Image/calque/img01.png-- -- --24659
28/08/2013 16:42:48 | * Files/Image/calque/img02.png-- -- --36274
28/08/2013 16:42:48 | * Files/Image/calque/ombre.png-- -- --1136
28/08/2013 16:42:48 | * Files/Image/calque/icone-home.png-- -- --1183
28/08/2013 16:42:48 | * Files/Image/calque/barre-vertical.png-- -- --1372
28/08/2013 16:42:48 | * Files/Image/calque/plusl.png-- -- --1739
28/08/2013 16:42:48 | * Files/Image/calque/key.png-- -- --1322
28/08/2013 16:42:48 | * WEFiles/Image/WEImage/635dad7cDEFAULT.png-- -- --800
28/08/2013 16:42:48 | * Files/Image/calque/cadre-blanc.png-- -- --1464
28/08/2013 16:42:48 | * Files/Image/calque/img03.png-- -- --16231
28/08/2013 16:42:48 | * Files/Image/calque/tel.png-- -- --1568
28/08/2013 16:42:48 | * WEFiles/Image/Skin/16c06f7b.png-- -- --1206
28/08/2013 16:42:48 | * WEFiles/Image/Skin/ff40637d.png-- -- --1194
28/08/2013 16:42:48 | * WEFiles/Image/Skin/7ed7012f.png-- -- --1097
28/08/2013 16:42:48 | * Files/Image/calque/arrow-footer.png-- -- --2437
28/08/2013 16:42:48 | * Files/Image/calque/logo-footer.png-- -- --2066
28/08/2013 16:42:48 | * contact.htm-- -- --31052
28/08/2013 16:42:48 | * example.css-- -- --3338
28/08/2013 16:42:48 | * WEFiles/Image/WEImage/a5084d81DEFAULT.png-- -- --388
28/08/2013 16:42:48 | * WEFiles/Image/WEImage/313575fcDEFAULT.png-- -- --650
28/08/2013 16:42:48 | * WEFiles/Image/WEImage/fd2ba4caDEFAULT.png-- -- --576
28/08/2013 16:42:48 | * WEFiles/Image/WEImage/1011f1feDEFAULT.png-- -- --104334
28/08/2013 16:42:48 | * WEFiles/Image/WEImage/1ec0a129DEFAULT.png-- -- --75475
28/08/2013 16:42:48 | * Files/Image/accueil/calendar.png-- -- --2926
28/08/2013 16:42:48 | * WEFiles/Image/WEImage/6f5b3b85DEFAULT.png-- -- --875
28/08/2013 16:42:48 | * WEFiles/Image/Skin/40d92bed.png-- -- --1134
28/08/2013 16:42:48 | * WEFiles/Image/Skin/3ee4ec86.png-- -- --1129
28/08/2013 16:42:48 | * example.htm-- -- --31268
28/08/2013 16:42:48 | * index.css-- -- --2907
28/08/2013 16:42:48 | * WEFiles/Image/WEImage/407af965DEFAULT.png-- -- --658
28/08/2013 16:42:48 | * WEFiles/Image/WEImage/58e5c031DEFAULT.png-- -- --240958
28/08/2013 16:42:49 | * WEFiles/Image/WEImage/ad6380eaDEFAULT.png-- -- --370
28/08/2013 16:42:49 | * Files/Image/accueil/cadre-transpa.png-- -- --2167
28/08/2013 16:42:49 | * WEFiles/Image/WEImage/8b1e6de8DEFAULT.png-- -- --498
28/08/2013 16:42:49 | * Files/Image/accueil/img-ico2.png-- -- --545
28/08/2013 16:42:49 | * Files/Image/accueil/img-ico.png-- -- --1440
28/08/2013 16:42:49 | * Files/Image/accueil/img-example2.png-- -- --45423
28/08/2013 16:42:49 | * WEFiles/Image/Skin/d0b01939.png-- -- --1027
28/08/2013 16:42:49 | * index.htm-- -- --31144
28/08/2013 16:42:49 | * Files/Fonts/AgencyFB.eot-- -- --53852
28/08/2013 16:42:49 | * Files/Fonts/AgencyFB.ttf-- -- --53660
28/08/2013 16:42:49 | * Files/Fonts/AgencyFB.woff-- -- --24076
28/08/2013 16:42:49 | * Files/Fonts/Fonts.css-- -- --350
28/08/2013 16:42:49 | * Templates/BaseCalque.css-- -- --11152
28/08/2013 16:42:51 | 
28/08/2013 16:42:51 | 
--------------------------------Phase 1 Terminé--------------------------------
28/08/2013 16:42:51 | 

