26/09/2013 15:35:25 | Debut Mise en ligne complete (Site):
26/09/2013 15:35:35 | Listing terminé :
26/09/2013 15:35:35 | 

26/09/2013 15:35:35 | * Files/Fonts-- -- --Folder create
26/09/2013 15:35:35 | * WEFiles-- -- --Folder create
26/09/2013 15:35:35 | * WEFiles/Xml-- -- --Folder create
26/09/2013 15:35:35 | * WEFiles/Server-- -- --Folder create
26/09/2013 15:35:35 | * WEFiles/Server/language-- -- --Folder create
26/09/2013 15:35:35 | * WEFiles/Server/DB-- -- --Folder create
26/09/2013 15:35:35 | * WEFiles/Server/DB/DBTools-- -- --Folder create
26/09/2013 15:35:35 | * WEFiles/Server/DB/dbadmin-- -- --Folder create
26/09/2013 15:35:35 | * WEFiles/Server/class-- -- --Folder create
26/09/2013 15:35:35 | * WEFiles/Image-- -- --Folder create
26/09/2013 15:35:35 | * WEFiles/Image/Skin-- -- --Folder create
26/09/2013 15:35:35 | * WEFiles/Font-- -- --Folder create
26/09/2013 15:35:35 | * WEFiles/Css-- -- --Folder create
26/09/2013 15:35:35 | * WEFiles/Client-- -- --Folder create
26/09/2013 15:35:35 | * WEFiles/Client/jQuery-- -- --Folder create
26/09/2013 15:35:35 | * WEFiles/Client/jQuery/Plugins-- -- --Folder create
26/09/2013 15:35:35 | * WEFiles/Client/Common-- -- --Folder create
26/09/2013 15:35:35 | * Templates-- -- --Folder create
26/09/2013 15:35:35 | * Files-- -- --Folder create
26/09/2013 15:35:35 | * Files/Video-- -- --Folder create
26/09/2013 15:35:35 | * Files/Other-- -- --Folder create
26/09/2013 15:35:35 | * Files/Media-- -- --Folder create
26/09/2013 15:35:35 | * Files/Image-- -- --Folder create
26/09/2013 15:35:35 | * Files/Fonts-- -- --Folder create
26/09/2013 15:35:35 | * Files/Flash-- -- --Folder create
26/09/2013 15:35:35 | * Files/Audio-- -- --Folder create
26/09/2013 15:35:35 | * Data-- -- --Folder create
26/09/2013 15:35:35 | * Backup-- -- --Folder create
26/09/2013 15:35:35 | * Common-- -- --Folder create
26/09/2013 15:35:35 | * WEFiles/Image/WEImage-- -- --Folder create
26/09/2013 15:35:35 | * Files/Image/contact-- -- --Folder create
26/09/2013 15:35:35 | * Files/Image/calque-- -- --Folder create
26/09/2013 15:35:35 | * Files/Image/accueil-- -- --Folder create
26/09/2013 15:35:35 | * Files\Other-- -- --Folder create
26/09/2013 15:35:35 | * Files\Fonts-- -- --Folder create
26/09/2013 15:35:35 | * Backup/.htaccess-- -- --33
26/09/2013 15:35:35 | * WEFiles/Client/Common/oe.min.js-- -- --15817
26/09/2013 15:35:35 | * WEFiles/Client/jQuery/Plugins/jquery.easing.1.3.js-- -- --3233
26/09/2013 15:35:35 | * WEFiles/Client/jQuery/Plugins/jquery.form.js-- -- --11659
26/09/2013 15:35:35 | * WEFiles/Client/jQuery/Plugins/jquery.simplemodal.js-- -- --8558
26/09/2013 15:35:35 | * WEFiles/Client/jQuery/Plugins/jquery.ui.accordion.js-- -- --8874
26/09/2013 15:35:35 | * WEFiles/Client/jQuery/Plugins/jquery.ui.core.js-- -- --13484
26/09/2013 15:35:35 | * WEFiles/Client/jQuery/Plugins/jquery.ui.mouse.js-- -- --2876
26/09/2013 15:35:35 | * WEFiles/Client/jQuery/Plugins/jquery.ui.slider.js-- -- --9940
26/09/2013 15:35:35 | * WEFiles/Client/jQuery/Plugins/jquery.ui.widget.js-- -- --3234
26/09/2013 15:35:35 | * WEFiles/Client/jQuery/1.10.2.js-- -- --93107
26/09/2013 15:35:35 | * WEFiles/Client/jQuery/1.7.1.js-- -- --93873
26/09/2013 15:35:35 | * WEFiles/Client/OEDB.js-- -- --1856
26/09/2013 15:35:35 | * WEFiles/Client/OEDBClasses.js-- -- --2280
26/09/2013 15:35:35 | * WEFiles/Client/openElementUI.js-- -- --1359
26/09/2013 15:35:35 | * WEFiles/Css/ie7.css-- -- --835
26/09/2013 15:35:35 | * WEFiles/Css/openElement.css-- -- --3743
26/09/2013 15:35:35 | * WEFiles/Image/Code.png-- -- --831
26/09/2013 15:35:35 | * WEFiles/Image/delete.png-- -- --1465
26/09/2013 15:35:35 | * WEFiles/Image/empty.png-- -- --184
26/09/2013 15:35:35 | * WEFiles/Image/information2.png-- -- --3246
26/09/2013 15:35:35 | * WEFiles/Image/loading.gif-- -- --1924
26/09/2013 15:35:35 | * WEFiles/Image/mask.png-- -- --213
26/09/2013 15:35:35 | * WEFiles/Image/ModalBackgound.png-- -- --27145
26/09/2013 15:35:35 | * WEFiles/Image/ModalPopupBlock.png-- -- --268
26/09/2013 15:35:35 | * WEFiles/Image/ServerError.png-- -- --2602
26/09/2013 15:35:35 | * WEFiles/Image/WEW3C.png-- -- --1882
26/09/2013 15:35:35 | * WEFiles/Server/class/class-phpmailer.php-- -- --62588
26/09/2013 15:35:35 | * WEFiles/Server/class/class-smtp.php-- -- --32442
26/09/2013 15:35:35 | * WEFiles/Server/class/JSON.php-- -- --34073
26/09/2013 15:35:35 | * WEFiles/Server/DB/dbadmin/phpliteadmin.config.php-- -- --2795
26/09/2013 15:35:35 | * WEFiles/Server/DB/dbadmin/phpliteadmin.php-- -- --211157
26/09/2013 15:35:35 | * WEFiles/Server/DB/DBTools/OEDataContainers.php-- -- --57673
26/09/2013 15:35:35 | * WEFiles/Server/DB/DBTools/OEDBRequest.php-- -- --33176
26/09/2013 15:35:35 | * WEFiles/Server/DB/DBTools/OEDynUtils.php-- -- --15653
26/09/2013 15:35:35 | * WEFiles/Server/DB/.htaccess-- -- --13
26/09/2013 15:35:35 | * WEFiles/Server/DB/OEDB.php-- -- --28675
26/09/2013 15:35:35 | * WEFiles/Server/DB/OEDBClasses.php-- -- --83535
26/09/2013 15:35:35 | * WEFiles/Server/DB/sqllogin.php-- -- --1494
26/09/2013 15:35:35 | * WEFiles/Server/language/phpmailer.lang-en.php-- -- --1188
26/09/2013 15:35:35 | * WEFiles/Server/language/phpmailer.lang-fr.php-- -- --1298
26/09/2013 15:35:35 | * WEFiles/Server/openElement.php-- -- --16771
26/09/2013 15:35:35 | * WEFiles/Server/VarText.php-- -- --4306
26/09/2013 15:35:35 | * .htaccess-- -- --0
26/09/2013 15:35:35 | * contact(var).js-- -- --748
26/09/2013 15:35:35 | * contact(var).php-- -- --1519
26/09/2013 15:35:35 | * contact.css-- -- --6824
26/09/2013 15:35:35 | * WEFiles/Image/WEImage/2bbbc141DEFAULT.png-- -- --439
26/09/2013 15:35:35 | * WEFiles/Image/WEImage/06b7725aDEFAULT.png-- -- --50524
26/09/2013 15:35:35 | * Files/Image/contact/arrow.png-- -- --1655
26/09/2013 15:35:35 | * WEFiles/Image/Skin/ea0bf4cd.png-- -- --1571
26/09/2013 15:35:35 | * WEFiles/Image/Skin/74ea4119.png-- -- --283
26/09/2013 15:35:35 | * WEFiles/Image/Skin/9095a623.png-- -- --173
26/09/2013 15:35:35 | * WEFiles/Image/Skin/c0f5471c.png-- -- --255
26/09/2013 15:35:35 | * WEFiles/Image/Skin/157ab316.png-- -- --150
26/09/2013 15:35:35 | * WEFiles/Image/Skin/dd40a1da.png-- -- --138
26/09/2013 15:35:35 | * WEFiles/Image/Skin/8f393cc6.png-- -- --143
26/09/2013 15:35:35 | * WEFiles/Image/Skin/1c0b60f8.png-- -- --267
26/09/2013 15:35:35 | * WEFiles/Image/Skin/0fe5dc4b.png-- -- --169
26/09/2013 15:35:35 | * WEFiles/Image/Skin/b7809df9.png-- -- --256
26/09/2013 15:35:35 | * WEFiles/Image/Skin/26c70838.png-- -- --191
26/09/2013 15:35:35 | * WEFiles/Image/Skin/58294202.png-- -- --826
26/09/2013 15:35:35 | * WEFiles/Image/Skin/3eb0b2eb.png-- -- --270
26/09/2013 15:35:35 | * WEFiles/Image/Skin/71664f57.png-- -- --179
26/09/2013 15:35:35 | * WEFiles/Image/Skin/b68c55cb.png-- -- --276
26/09/2013 15:35:35 | * WEFiles/Image/Skin/7ee3bf29.png-- -- --145
26/09/2013 15:35:35 | * WEFiles/Image/Skin/eaa298b1.png-- -- --151
26/09/2013 15:35:35 | * WEFiles/Image/Skin/1c80b086.png-- -- --164
26/09/2013 15:35:35 | * WEFiles/Image/Skin/0748cd9f.png-- -- --259
26/09/2013 15:35:35 | * WEFiles/Image/Skin/2fe4d3c3.png-- -- --176
26/09/2013 15:35:35 | * WEFiles/Image/Skin/a8c8fdb8.png-- -- --264
26/09/2013 15:35:35 | * WEFiles/Image/Skin/cbb1ae94.png-- -- --191
26/09/2013 15:35:35 | * WEFiles/Image/Skin/966687aa.png-- -- --826
26/09/2013 15:35:35 | * WEFiles/Image/Skin/ab0cc602.png-- -- --1718
26/09/2013 15:35:35 | * WEFiles/Server/WESendMail_v1-42-0.php-- -- --9586
26/09/2013 15:35:35 | * WEFiles/Client/WESendMail_v1-42-0.js-- -- --3927
26/09/2013 15:35:35 | * WEFiles/Image/Skin/63b455cc.jpg-- -- --20393
26/09/2013 15:35:35 | * WEFiles/Image/Skin/05975cd7.jpg-- -- --20393
26/09/2013 15:35:35 | * WEFiles/Image/WEImage/6840721cDEFAULT.png-- -- --878
26/09/2013 15:35:35 | * Files/Image/calque/googleplus.png-- -- --928
26/09/2013 15:35:35 | * WEFiles/Image/WEImage/1f2e96a7DEFAULT.png-- -- --825
26/09/2013 15:35:35 | * Files/Image/calque/skype.png-- -- --952
26/09/2013 15:35:35 | * Files/Image/calque/logo.png-- -- --3598
26/09/2013 15:35:35 | * WEFiles/Image/Skin/696a5d41.png-- -- --1034
26/09/2013 15:35:35 | * WEFiles/Image/Skin/a260e571.png-- -- --616
26/09/2013 15:35:35 | * WEFiles/Image/Skin/2095ea63.png-- -- --247
26/09/2013 15:35:35 | * WEFiles/Image/Skin/f2ab1d12.png-- -- --517
26/09/2013 15:35:35 | * WEFiles/Image/Skin/7607d524.png-- -- --185
26/09/2013 15:35:35 | * WEFiles/Image/Skin/29af7378.png-- -- --159
26/09/2013 15:35:35 | * WEFiles/Image/Skin/f1315542.png-- -- --251
26/09/2013 15:35:35 | * WEFiles/Image/Skin/f94d8e7a.png-- -- --384
26/09/2013 15:35:35 | * WEFiles/Image/Skin/7cbeb66f.png-- -- --297
26/09/2013 15:35:35 | * WEFiles/Image/Skin/5981e2fc.png-- -- --689
26/09/2013 15:35:35 | * Files/Image/calque/loupe.png-- -- --4529
26/09/2013 15:35:35 | * WEFiles/Image/Skin/a5846745.png-- -- --260
26/09/2013 15:35:35 | * WEFiles/Image/Skin/e5872b2e.png-- -- --148
26/09/2013 15:35:35 | * WEFiles/Image/Skin/da965a80.png-- -- --239
26/09/2013 15:35:35 | * WEFiles/Image/Skin/d5122cc1.png-- -- --144
26/09/2013 15:35:35 | * WEFiles/Image/Skin/37e07488.png-- -- --133
26/09/2013 15:35:35 | * WEFiles/Image/Skin/b7dc0dfc.png-- -- --133
26/09/2013 15:35:35 | * WEFiles/Image/Skin/4d3da48a.png-- -- --247
26/09/2013 15:35:35 | * WEFiles/Image/Skin/344d10e9.png-- -- --133
26/09/2013 15:35:35 | * WEFiles/Image/Skin/fea40cb4.png-- -- --193
26/09/2013 15:35:35 | * WEFiles/Image/WEImage/8bd0723bDEFAULT.png-- -- --189845
26/09/2013 15:35:35 | * Files/Image/calque/faux-texte.png-- -- --8032
26/09/2013 15:35:35 | * WEFiles/Image/WEImage/6c59043aDEFAULT.png-- -- --579
26/09/2013 15:35:35 | * Files/Image/calque/img01.png-- -- --24659
26/09/2013 15:35:35 | * Files/Image/calque/img02.png-- -- --36274
26/09/2013 15:35:35 | * Files/Image/calque/ombre.png-- -- --1136
26/09/2013 15:35:35 | * Files/Image/calque/icone-home.png-- -- --1183
26/09/2013 15:35:35 | * Files/Image/calque/barre-vertical.png-- -- --1372
26/09/2013 15:35:35 | * Files/Image/calque/plusl.png-- -- --1739
26/09/2013 15:35:35 | * Files/Image/calque/key.png-- -- --1322
26/09/2013 15:35:35 | * WEFiles/Image/WEImage/635dad7cDEFAULT.png-- -- --800
26/09/2013 15:35:35 | * Files/Image/calque/cadre-blanc.png-- -- --1464
26/09/2013 15:35:35 | * Files/Image/calque/img03.png-- -- --16231
26/09/2013 15:35:35 | * Files/Image/calque/tel.png-- -- --1568
26/09/2013 15:35:35 | * WEFiles/Image/Skin/16c06f7b.png-- -- --1206
26/09/2013 15:35:35 | * WEFiles/Image/Skin/ff40637d.png-- -- --1194
26/09/2013 15:35:35 | * WEFiles/Image/Skin/7ed7012f.png-- -- --1097
26/09/2013 15:35:35 | * Files/Image/calque/arrow-footer.png-- -- --2437
26/09/2013 15:35:35 | * Files/Image/calque/logo-footer.png-- -- --2066
26/09/2013 15:35:35 | * contact.htm-- -- --31316
26/09/2013 15:35:35 | * example.css-- -- --3338
26/09/2013 15:35:35 | * WEFiles/Image/WEImage/a5084d81DEFAULT.png-- -- --388
26/09/2013 15:35:35 | * WEFiles/Image/WEImage/313575fcDEFAULT.png-- -- --650
26/09/2013 15:35:35 | * WEFiles/Image/WEImage/fd2ba4caDEFAULT.png-- -- --576
26/09/2013 15:35:35 | * WEFiles/Image/WEImage/1011f1feDEFAULT.png-- -- --104334
26/09/2013 15:35:35 | * WEFiles/Image/WEImage/1ec0a129DEFAULT.png-- -- --75475
26/09/2013 15:35:35 | * Files/Image/accueil/calendar.png-- -- --2926
26/09/2013 15:35:35 | * WEFiles/Image/WEImage/6f5b3b85DEFAULT.png-- -- --875
26/09/2013 15:35:35 | * WEFiles/Image/Skin/40d92bed.png-- -- --1134
26/09/2013 15:35:35 | * WEFiles/Image/Skin/3ee4ec86.png-- -- --1129
26/09/2013 15:35:35 | * example.htm-- -- --31409
26/09/2013 15:35:35 | * index.css-- -- --2907
26/09/2013 15:35:35 | * WEFiles/Image/WEImage/407af965DEFAULT.png-- -- --658
26/09/2013 15:35:35 | * WEFiles/Image/WEImage/58e5c031DEFAULT.png-- -- --240958
26/09/2013 15:35:35 | * WEFiles/Image/WEImage/ad6380eaDEFAULT.png-- -- --370
26/09/2013 15:35:35 | * Files/Image/accueil/cadre-transpa.png-- -- --2167
26/09/2013 15:35:35 | * WEFiles/Image/WEImage/8b1e6de8DEFAULT.png-- -- --498
26/09/2013 15:35:35 | * Files/Image/accueil/img-ico2.png-- -- --545
26/09/2013 15:35:35 | * Files/Image/accueil/img-ico.png-- -- --1440
26/09/2013 15:35:35 | * Files/Image/accueil/img-example2.png-- -- --45423
26/09/2013 15:35:35 | * WEFiles/Image/Skin/d0b01939.png-- -- --1027
26/09/2013 15:35:35 | * index.htm-- -- --31314
26/09/2013 15:35:35 | * robots.txt-- -- --19
26/09/2013 15:35:35 | * sitemap.xml-- -- --468
26/09/2013 15:35:35 | * Files/Fonts/AgencyFB.eot-- -- --53852
26/09/2013 15:35:35 | * Files/Fonts/AgencyFB.ttf-- -- --53660
26/09/2013 15:35:35 | * Files/Fonts/AgencyFB.woff-- -- --24076
26/09/2013 15:35:35 | * Files/Fonts/Fonts.css-- -- --350
26/09/2013 15:35:35 | * Templates/BaseCalque.css-- -- --11152
26/09/2013 16:04:54 | Debut Mise en ligne complete (Site):
26/09/2013 16:04:56 | Listing terminé :
26/09/2013 16:04:56 | 

26/09/2013 16:04:56 | * Files/Fonts-- -- --Folder create
26/09/2013 16:04:56 | * WEFiles-- -- --Folder create
26/09/2013 16:04:56 | * WEFiles/Xml-- -- --Folder create
26/09/2013 16:04:56 | * WEFiles/Server-- -- --Folder create
26/09/2013 16:04:56 | * WEFiles/Server/language-- -- --Folder create
26/09/2013 16:04:56 | * WEFiles/Server/DB-- -- --Folder create
26/09/2013 16:04:56 | * WEFiles/Server/DB/DBTools-- -- --Folder create
26/09/2013 16:04:56 | * WEFiles/Server/DB/dbadmin-- -- --Folder create
26/09/2013 16:04:56 | * WEFiles/Server/class-- -- --Folder create
26/09/2013 16:04:56 | * WEFiles/Image-- -- --Folder create
26/09/2013 16:04:56 | * WEFiles/Image/Skin-- -- --Folder create
26/09/2013 16:04:56 | * WEFiles/Font-- -- --Folder create
26/09/2013 16:04:56 | * WEFiles/Css-- -- --Folder create
26/09/2013 16:04:56 | * WEFiles/Client-- -- --Folder create
26/09/2013 16:04:56 | * WEFiles/Client/jQuery-- -- --Folder create
26/09/2013 16:04:56 | * WEFiles/Client/jQuery/Plugins-- -- --Folder create
26/09/2013 16:04:56 | * WEFiles/Client/Common-- -- --Folder create
26/09/2013 16:04:56 | * Templates-- -- --Folder create
26/09/2013 16:04:56 | * Files-- -- --Folder create
26/09/2013 16:04:56 | * Files/Video-- -- --Folder create
26/09/2013 16:04:56 | * Files/Other-- -- --Folder create
26/09/2013 16:04:56 | * Files/Media-- -- --Folder create
26/09/2013 16:04:56 | * Files/Image-- -- --Folder create
26/09/2013 16:04:56 | * Files/Fonts-- -- --Folder create
26/09/2013 16:04:56 | * Files/Flash-- -- --Folder create
26/09/2013 16:04:56 | * Files/Audio-- -- --Folder create
26/09/2013 16:04:56 | * Data-- -- --Folder create
26/09/2013 16:04:56 | * Backup-- -- --Folder create
26/09/2013 16:04:56 | * Common-- -- --Folder create
26/09/2013 16:04:56 | * WEFiles/Image/WEImage-- -- --Folder create
26/09/2013 16:04:56 | * Files/Image/contact-- -- --Folder create
26/09/2013 16:04:56 | * Files/Image/calque-- -- --Folder create
26/09/2013 16:04:56 | * Files/Image/accueil-- -- --Folder create
26/09/2013 16:04:56 | * Files\Other-- -- --Folder create
26/09/2013 16:04:56 | * Files\Fonts-- -- --Folder create
26/09/2013 16:04:56 | * Backup/.htaccess-- -- --33
26/09/2013 16:04:56 | * WEFiles/Client/Common/oe.min.js-- -- --15817
26/09/2013 16:04:56 | * WEFiles/Client/jQuery/Plugins/jquery.easing.1.3.js-- -- --3233
26/09/2013 16:04:56 | * WEFiles/Client/jQuery/Plugins/jquery.form.js-- -- --11659
26/09/2013 16:04:56 | * WEFiles/Client/jQuery/Plugins/jquery.simplemodal.js-- -- --8558
26/09/2013 16:04:56 | * WEFiles/Client/jQuery/Plugins/jquery.ui.accordion.js-- -- --8874
26/09/2013 16:04:56 | * WEFiles/Client/jQuery/Plugins/jquery.ui.core.js-- -- --13484
26/09/2013 16:04:56 | * WEFiles/Client/jQuery/Plugins/jquery.ui.mouse.js-- -- --2876
26/09/2013 16:04:56 | * WEFiles/Client/jQuery/Plugins/jquery.ui.slider.js-- -- --9940
26/09/2013 16:04:56 | * WEFiles/Client/jQuery/Plugins/jquery.ui.widget.js-- -- --3234
26/09/2013 16:04:56 | * WEFiles/Client/jQuery/1.10.2.js-- -- --93107
26/09/2013 16:04:56 | * WEFiles/Client/jQuery/1.7.1.js-- -- --93873
26/09/2013 16:04:56 | * WEFiles/Client/OEDB.js-- -- --1856
26/09/2013 16:04:56 | * WEFiles/Client/OEDBClasses.js-- -- --2280
26/09/2013 16:04:56 | * WEFiles/Client/openElementUI.js-- -- --1359
26/09/2013 16:04:56 | * WEFiles/Css/ie7.css-- -- --835
26/09/2013 16:04:56 | * WEFiles/Css/openElement.css-- -- --3743
26/09/2013 16:04:56 | * WEFiles/Image/Code.png-- -- --831
26/09/2013 16:04:56 | * WEFiles/Image/delete.png-- -- --1465
26/09/2013 16:04:56 | * WEFiles/Image/empty.png-- -- --184
26/09/2013 16:04:56 | * WEFiles/Image/information2.png-- -- --3246
26/09/2013 16:04:56 | * WEFiles/Image/loading.gif-- -- --1924
26/09/2013 16:04:56 | * WEFiles/Image/mask.png-- -- --213
26/09/2013 16:04:56 | * WEFiles/Image/ModalBackgound.png-- -- --27145
26/09/2013 16:04:56 | * WEFiles/Image/ModalPopupBlock.png-- -- --268
26/09/2013 16:04:56 | * WEFiles/Image/ServerError.png-- -- --2602
26/09/2013 16:04:56 | * WEFiles/Image/WEW3C.png-- -- --1882
26/09/2013 16:04:56 | * WEFiles/Server/class/class-phpmailer.php-- -- --62588
26/09/2013 16:04:56 | * WEFiles/Server/class/class-smtp.php-- -- --32442
26/09/2013 16:04:56 | * WEFiles/Server/class/JSON.php-- -- --34073
26/09/2013 16:04:56 | * WEFiles/Server/DB/dbadmin/phpliteadmin.config.php-- -- --2795
26/09/2013 16:04:56 | * WEFiles/Server/DB/dbadmin/phpliteadmin.php-- -- --211157
26/09/2013 16:04:56 | * WEFiles/Server/DB/DBTools/OEDataContainers.php-- -- --57673
26/09/2013 16:04:56 | * WEFiles/Server/DB/DBTools/OEDBRequest.php-- -- --33176
26/09/2013 16:04:56 | * WEFiles/Server/DB/DBTools/OEDynUtils.php-- -- --15653
26/09/2013 16:04:56 | * WEFiles/Server/DB/.htaccess-- -- --13
26/09/2013 16:04:56 | * WEFiles/Server/DB/OEDB.php-- -- --28675
26/09/2013 16:04:56 | * WEFiles/Server/DB/OEDBClasses.php-- -- --83535
26/09/2013 16:04:56 | * WEFiles/Server/DB/sqllogin.php-- -- --1494
26/09/2013 16:04:56 | * WEFiles/Server/language/phpmailer.lang-en.php-- -- --1188
26/09/2013 16:04:56 | * WEFiles/Server/language/phpmailer.lang-fr.php-- -- --1298
26/09/2013 16:04:56 | * WEFiles/Server/openElement.php-- -- --16771
26/09/2013 16:04:56 | * WEFiles/Server/VarText.php-- -- --4306
26/09/2013 16:04:56 | * .htaccess-- -- --0
26/09/2013 16:04:56 | * contact(var).js-- -- --748
26/09/2013 16:04:56 | * contact(var).php-- -- --1520
26/09/2013 16:04:56 | * contact.css-- -- --6824
26/09/2013 16:04:56 | * WEFiles/Image/WEImage/2bbbc141DEFAULT.png-- -- --439
26/09/2013 16:04:56 | * WEFiles/Image/WEImage/06b7725aDEFAULT.png-- -- --50524
26/09/2013 16:04:56 | * Files/Image/contact/arrow.png-- -- --1655
26/09/2013 16:04:56 | * WEFiles/Image/Skin/ea0bf4cd.png-- -- --1571
26/09/2013 16:04:56 | * WEFiles/Image/Skin/74ea4119.png-- -- --283
26/09/2013 16:04:56 | * WEFiles/Image/Skin/9095a623.png-- -- --173
26/09/2013 16:04:56 | * WEFiles/Image/Skin/c0f5471c.png-- -- --255
26/09/2013 16:04:56 | * WEFiles/Image/Skin/157ab316.png-- -- --150
26/09/2013 16:04:56 | * WEFiles/Image/Skin/dd40a1da.png-- -- --138
26/09/2013 16:04:56 | * WEFiles/Image/Skin/8f393cc6.png-- -- --143
26/09/2013 16:04:56 | * WEFiles/Image/Skin/1c0b60f8.png-- -- --267
26/09/2013 16:04:56 | * WEFiles/Image/Skin/0fe5dc4b.png-- -- --169
26/09/2013 16:04:56 | * WEFiles/Image/Skin/b7809df9.png-- -- --256
26/09/2013 16:04:56 | * WEFiles/Image/Skin/26c70838.png-- -- --191
26/09/2013 16:04:56 | * WEFiles/Image/Skin/58294202.png-- -- --826
26/09/2013 16:04:56 | * WEFiles/Image/Skin/3eb0b2eb.png-- -- --270
26/09/2013 16:04:56 | * WEFiles/Image/Skin/71664f57.png-- -- --179
26/09/2013 16:04:56 | * WEFiles/Image/Skin/b68c55cb.png-- -- --276
26/09/2013 16:04:56 | * WEFiles/Image/Skin/7ee3bf29.png-- -- --145
26/09/2013 16:04:56 | * WEFiles/Image/Skin/eaa298b1.png-- -- --151
26/09/2013 16:04:56 | * WEFiles/Image/Skin/1c80b086.png-- -- --164
26/09/2013 16:04:56 | * WEFiles/Image/Skin/0748cd9f.png-- -- --259
26/09/2013 16:04:56 | * WEFiles/Image/Skin/2fe4d3c3.png-- -- --176
26/09/2013 16:04:56 | * WEFiles/Image/Skin/a8c8fdb8.png-- -- --264
26/09/2013 16:04:56 | * WEFiles/Image/Skin/cbb1ae94.png-- -- --191
26/09/2013 16:04:56 | * WEFiles/Image/Skin/966687aa.png-- -- --826
26/09/2013 16:04:56 | * WEFiles/Image/Skin/ab0cc602.png-- -- --1718
26/09/2013 16:04:56 | * WEFiles/Server/WESendMail_v1-42-0.php-- -- --9586
26/09/2013 16:04:56 | * WEFiles/Client/WESendMail_v1-42-0.js-- -- --3927
26/09/2013 16:04:56 | * WEFiles/Image/Skin/63b455cc.jpg-- -- --20393
26/09/2013 16:04:56 | * WEFiles/Image/Skin/05975cd7.jpg-- -- --20393
26/09/2013 16:04:56 | * WEFiles/Image/WEImage/6840721cDEFAULT.png-- -- --878
26/09/2013 16:04:56 | * Files/Image/calque/googleplus.png-- -- --928
26/09/2013 16:04:56 | * WEFiles/Image/WEImage/1f2e96a7DEFAULT.png-- -- --825
26/09/2013 16:04:56 | * Files/Image/calque/skype.png-- -- --952
26/09/2013 16:04:56 | * Files/Image/calque/logo.png-- -- --3598
26/09/2013 16:04:56 | * WEFiles/Image/Skin/696a5d41.png-- -- --1034
26/09/2013 16:04:56 | * WEFiles/Image/Skin/a260e571.png-- -- --616
26/09/2013 16:04:56 | * WEFiles/Image/Skin/2095ea63.png-- -- --247
26/09/2013 16:04:56 | * WEFiles/Image/Skin/f2ab1d12.png-- -- --517
26/09/2013 16:04:56 | * WEFiles/Image/Skin/7607d524.png-- -- --185
26/09/2013 16:04:56 | * WEFiles/Image/Skin/29af7378.png-- -- --159
26/09/2013 16:04:56 | * WEFiles/Image/Skin/f1315542.png-- -- --251
26/09/2013 16:04:56 | * WEFiles/Image/Skin/f94d8e7a.png-- -- --384
26/09/2013 16:04:56 | * WEFiles/Image/Skin/7cbeb66f.png-- -- --297
26/09/2013 16:04:56 | * WEFiles/Image/Skin/5981e2fc.png-- -- --689
26/09/2013 16:04:56 | * Files/Image/calque/loupe.png-- -- --4529
26/09/2013 16:04:56 | * WEFiles/Image/Skin/a5846745.png-- -- --260
26/09/2013 16:04:56 | * WEFiles/Image/Skin/e5872b2e.png-- -- --148
26/09/2013 16:04:56 | * WEFiles/Image/Skin/da965a80.png-- -- --239
26/09/2013 16:04:56 | * WEFiles/Image/Skin/d5122cc1.png-- -- --144
26/09/2013 16:04:56 | * WEFiles/Image/Skin/37e07488.png-- -- --133
26/09/2013 16:04:56 | * WEFiles/Image/Skin/b7dc0dfc.png-- -- --133
26/09/2013 16:04:56 | * WEFiles/Image/Skin/4d3da48a.png-- -- --247
26/09/2013 16:04:56 | * WEFiles/Image/Skin/344d10e9.png-- -- --133
26/09/2013 16:04:56 | * WEFiles/Image/Skin/fea40cb4.png-- -- --193
26/09/2013 16:04:56 | * WEFiles/Image/WEImage/8bd0723bDEFAULT.png-- -- --189845
26/09/2013 16:04:56 | * Files/Image/calque/faux-texte.png-- -- --8032
26/09/2013 16:04:56 | * WEFiles/Image/WEImage/6c59043aDEFAULT.png-- -- --579
26/09/2013 16:04:56 | * Files/Image/calque/img01.png-- -- --24659
26/09/2013 16:04:56 | * Files/Image/calque/img02.png-- -- --36274
26/09/2013 16:04:56 | * Files/Image/calque/ombre.png-- -- --1136
26/09/2013 16:04:56 | * Files/Image/calque/icone-home.png-- -- --1183
26/09/2013 16:04:56 | * Files/Image/calque/barre-vertical.png-- -- --1372
26/09/2013 16:04:56 | * Files/Image/calque/plusl.png-- -- --1739
26/09/2013 16:04:56 | * Files/Image/calque/key.png-- -- --1322
26/09/2013 16:04:56 | * WEFiles/Image/WEImage/635dad7cDEFAULT.png-- -- --800
26/09/2013 16:04:56 | * Files/Image/calque/cadre-blanc.png-- -- --1464
26/09/2013 16:04:56 | * Files/Image/calque/img03.png-- -- --16231
26/09/2013 16:04:56 | * Files/Image/calque/tel.png-- -- --1568
26/09/2013 16:04:56 | * WEFiles/Image/Skin/16c06f7b.png-- -- --1206
26/09/2013 16:04:56 | * WEFiles/Image/Skin/ff40637d.png-- -- --1194
26/09/2013 16:04:56 | * WEFiles/Image/Skin/7ed7012f.png-- -- --1097
26/09/2013 16:04:56 | * Files/Image/calque/arrow-footer.png-- -- --2437
26/09/2013 16:04:56 | * Files/Image/calque/logo-footer.png-- -- --2066
26/09/2013 16:04:56 | * contact.htm-- -- --31316
26/09/2013 16:04:56 | * example.css-- -- --3338
26/09/2013 16:04:56 | * WEFiles/Image/WEImage/a5084d81DEFAULT.png-- -- --388
26/09/2013 16:04:56 | * WEFiles/Image/WEImage/313575fcDEFAULT.png-- -- --650
26/09/2013 16:04:56 | * WEFiles/Image/WEImage/fd2ba4caDEFAULT.png-- -- --576
26/09/2013 16:04:56 | * WEFiles/Image/WEImage/1011f1feDEFAULT.png-- -- --104334
26/09/2013 16:04:56 | * WEFiles/Image/WEImage/1ec0a129DEFAULT.png-- -- --75475
26/09/2013 16:04:56 | * Files/Image/accueil/calendar.png-- -- --2926
26/09/2013 16:04:56 | * WEFiles/Image/WEImage/6f5b3b85DEFAULT.png-- -- --875
26/09/2013 16:04:56 | * WEFiles/Image/Skin/40d92bed.png-- -- --1134
26/09/2013 16:04:56 | * WEFiles/Image/Skin/3ee4ec86.png-- -- --1129
26/09/2013 16:04:56 | * example.htm-- -- --31409
26/09/2013 16:04:56 | * index.css-- -- --2907
26/09/2013 16:04:56 | * WEFiles/Image/WEImage/407af965DEFAULT.png-- -- --658
26/09/2013 16:04:56 | * WEFiles/Image/WEImage/58e5c031DEFAULT.png-- -- --240958
26/09/2013 16:04:56 | * WEFiles/Image/WEImage/ad6380eaDEFAULT.png-- -- --370
26/09/2013 16:04:56 | * Files/Image/accueil/cadre-transpa.png-- -- --2167
26/09/2013 16:04:56 | * WEFiles/Image/WEImage/8b1e6de8DEFAULT.png-- -- --498
26/09/2013 16:04:56 | * Files/Image/accueil/img-ico2.png-- -- --545
26/09/2013 16:04:56 | * Files/Image/accueil/img-ico.png-- -- --1440
26/09/2013 16:04:56 | * Files/Image/accueil/img-example2.png-- -- --45423
26/09/2013 16:04:56 | * WEFiles/Image/Skin/d0b01939.png-- -- --1027
26/09/2013 16:04:56 | * index.htm-- -- --31314
26/09/2013 16:04:56 | * robots.txt-- -- --19
26/09/2013 16:04:56 | * sitemap.xml-- -- --468
26/09/2013 16:04:56 | * Files/Fonts/AgencyFB.eot-- -- --53852
26/09/2013 16:04:56 | * Files/Fonts/AgencyFB.ttf-- -- --53660
26/09/2013 16:04:56 | * Files/Fonts/AgencyFB.woff-- -- --24076
26/09/2013 16:04:56 | * Files/Fonts/Fonts.css-- -- --350
26/09/2013 16:04:56 | * Templates/BaseCalque.css-- -- --11152
26/09/2013 16:05:00 | 
26/09/2013 16:05:00 | 
--------------------------------Phase 1 Terminé--------------------------------
26/09/2013 16:05:00 | 

